<?xml version="1.0" encoding="UTF-8"?>
<testsuite xmlns:xsi="http://www.w3.org/2001/XMLSchema-instance" xsi:noNamespaceSchemaLocation="https://maven.apache.org/surefire/maven-surefire-plugin/xsd/surefire-test-report.xsd" name="com.goya.AppTest" time="0.031" tests="1" errors="0" skipped="0" failures="0">
  <properties>
    <property name="sun.desktop" value="windows"/>
    <property name="awt.toolkit" value="sun.awt.windows.WToolkit"/>
    <property name="file.encoding.pkg" value="sun.io"/>
    <property name="java.specification.version" value="1.8"/>
    <property name="sun.cpu.isalist" value="amd64"/>
    <property name="sun.jnu.encoding" value="GBK"/>
    <property name="java.class.path" value="E:\workspace\IntellijProject\seckill\target\test-classes;E:\workspace\IntellijProject\seckill\target\classes;D:\software\apache-maven-3.6.1\RepMaven\org\mybatis\spring\boot\mybatis-spring-boot-starter\2.1.0\mybatis-spring-boot-starter-2.1.0.jar;D:\software\apache-maven-3.6.1\RepMaven\org\springframework\boot\spring-boot-starter\2.1.7.RELEASE\spring-boot-starter-2.1.7.RELEASE.jar;D:\software\apache-maven-3.6.1\RepMaven\org\springframework\boot\spring-boot\2.1.7.RELEASE\spring-boot-2.1.7.RELEASE.jar;D:\software\apache-maven-3.6.1\RepMaven\org\springframework\boot\spring-boot-autoconfigure\2.1.7.RELEASE\spring-boot-autoconfigure-2.1.7.RELEASE.jar;D:\software\apache-maven-3.6.1\RepMaven\org\springframework\boot\spring-boot-starter-logging\2.1.7.RELEASE\spring-boot-starter-logging-2.1.7.RELEASE.jar;D:\software\apache-maven-3.6.1\RepMaven\ch\qos\logback\logback-classic\1.2.3\logback-classic-1.2.3.jar;D:\software\apache-maven-3.6.1\RepMaven\ch\qos\logback\logback-core\1.2.3\logback-core-1.2.3.jar;D:\software\apache-maven-3.6.1\RepMaven\org\apache\logging\log4j\log4j-to-slf4j\2.11.2\log4j-to-slf4j-2.11.2.jar;D:\software\apache-maven-3.6.1\RepMaven\org\apache\logging\log4j\log4j-api\2.11.2\log4j-api-2.11.2.jar;D:\software\apache-maven-3.6.1\RepMaven\org\slf4j\jul-to-slf4j\1.7.26\jul-to-slf4j-1.7.26.jar;D:\software\apache-maven-3.6.1\RepMaven\javax\annotation\javax.annotation-api\1.3.2\javax.annotation-api-1.3.2.jar;D:\software\apache-maven-3.6.1\RepMaven\org\springframework\spring-core\5.1.9.RELEASE\spring-core-5.1.9.RELEASE.jar;D:\software\apache-maven-3.6.1\RepMaven\org\yaml\snakeyaml\1.23\snakeyaml-1.23.jar;D:\software\apache-maven-3.6.1\RepMaven\org\springframework\boot\spring-boot-starter-jdbc\2.1.7.RELEASE\spring-boot-starter-jdbc-2.1.7.RELEASE.jar;D:\software\apache-maven-3.6.1\RepMaven\com\zaxxer\HikariCP\3.2.0\HikariCP-3.2.0.jar;D:\software\apache-maven-3.6.1\RepMaven\org\springframework\spring-jdbc\5.1.9.RELEASE\spring-jdbc-5.1.9.RELEASE.jar;D:\software\apache-maven-3.6.1\RepMaven\org\mybatis\spring\boot\mybatis-spring-boot-autoconfigure\2.1.0\mybatis-spring-boot-autoconfigure-2.1.0.jar;D:\software\apache-maven-3.6.1\RepMaven\org\mybatis\mybatis\3.5.2\mybatis-3.5.2.jar;D:\software\apache-maven-3.6.1\RepMaven\org\mybatis\mybatis-spring\2.0.2\mybatis-spring-2.0.2.jar;D:\software\apache-maven-3.6.1\RepMaven\com\alibaba\druid\1.1.3\druid-1.1.3.jar;D:\software\Java\Java8\jdk1.8.0_111\jre\..\lib\jconsole.jar;D:\software\Java\Java8\jdk1.8.0_111\jre\..\lib\tools.jar;D:\software\apache-maven-3.6.1\RepMaven\mysql\mysql-connector-java\8.0.16\mysql-connector-java-8.0.16.jar;D:\software\apache-maven-3.6.1\RepMaven\org\springframework\boot\spring-boot-starter-web\2.1.7.RELEASE\spring-boot-starter-web-2.1.7.RELEASE.jar;D:\software\apache-maven-3.6.1\RepMaven\org\springframework\boot\spring-boot-starter-json\2.1.7.RELEASE\spring-boot-starter-json-2.1.7.RELEASE.jar;D:\software\apache-maven-3.6.1\RepMaven\com\fasterxml\jackson\core\jackson-databind\2.9.9\jackson-databind-2.9.9.jar;D:\software\apache-maven-3.6.1\RepMaven\com\fasterxml\jackson\core\jackson-annotations\2.9.0\jackson-annotations-2.9.0.jar;D:\software\apache-maven-3.6.1\RepMaven\com\fasterxml\jackson\core\jackson-core\2.9.9\jackson-core-2.9.9.jar;D:\software\apache-maven-3.6.1\RepMaven\com\fasterxml\jackson\datatype\jackson-datatype-jdk8\2.9.9\jackson-datatype-jdk8-2.9.9.jar;D:\software\apache-maven-3.6.1\RepMaven\com\fasterxml\jackson\datatype\jackson-datatype-jsr310\2.9.9\jackson-datatype-jsr310-2.9.9.jar;D:\software\apache-maven-3.6.1\RepMaven\com\fasterxml\jackson\module\jackson-module-parameter-names\2.9.9\jackson-module-parameter-names-2.9.9.jar;D:\software\apache-maven-3.6.1\RepMaven\org\springframework\boot\spring-boot-starter-tomcat\2.1.7.RELEASE\spring-boot-starter-tomcat-2.1.7.RELEASE.jar;D:\software\apache-maven-3.6.1\RepMaven\org\apache\tomcat\embed\tomcat-embed-core\9.0.22\tomcat-embed-core-9.0.22.jar;D:\software\apache-maven-3.6.1\RepMaven\org\apache\tomcat\embed\tomcat-embed-el\9.0.22\tomcat-embed-el-9.0.22.jar;D:\software\apache-maven-3.6.1\RepMaven\org\apache\tomcat\embed\tomcat-embed-websocket\9.0.22\tomcat-embed-websocket-9.0.22.jar;D:\software\apache-maven-3.6.1\RepMaven\org\springframework\spring-web\5.1.9.RELEASE\spring-web-5.1.9.RELEASE.jar;D:\software\apache-maven-3.6.1\RepMaven\org\springframework\spring-beans\5.1.9.RELEASE\spring-beans-5.1.9.RELEASE.jar;D:\software\apache-maven-3.6.1\RepMaven\org\springframework\spring-webmvc\5.1.9.RELEASE\spring-webmvc-5.1.9.RELEASE.jar;D:\software\apache-maven-3.6.1\RepMaven\org\springframework\spring-aop\5.1.9.RELEASE\spring-aop-5.1.9.RELEASE.jar;D:\software\apache-maven-3.6.1\RepMaven\org\springframework\spring-context\5.1.9.RELEASE\spring-context-5.1.9.RELEASE.jar;D:\software\apache-maven-3.6.1\RepMaven\org\springframework\spring-expression\5.1.9.RELEASE\spring-expression-5.1.9.RELEASE.jar;D:\software\apache-maven-3.6.1\RepMaven\junit\junit\4.11\junit-4.11.jar;D:\software\apache-maven-3.6.1\RepMaven\org\hamcrest\hamcrest-core\1.3\hamcrest-core-1.3.jar;D:\software\apache-maven-3.6.1\RepMaven\org\apache\commons\commons-lang3\3.7\commons-lang3-3.7.jar;D:\software\apache-maven-3.6.1\RepMaven\org\hibernate\validator\hibernate-validator\6.0.13.Final\hibernate-validator-6.0.13.Final.jar;D:\software\apache-maven-3.6.1\RepMaven\javax\validation\validation-api\2.0.1.Final\validation-api-2.0.1.Final.jar;D:\software\apache-maven-3.6.1\RepMaven\org\jboss\logging\jboss-logging\3.3.2.Final\jboss-logging-3.3.2.Final.jar;D:\software\apache-maven-3.6.1\RepMaven\com\fasterxml\classmate\1.4.0\classmate-1.4.0.jar;D:\software\apache-maven-3.6.1\RepMaven\joda-time\joda-time\2.9.1\joda-time-2.9.1.jar;D:\software\apache-maven-3.6.1\RepMaven\org\springframework\boot\spring-boot-starter-data-redis\2.1.7.RELEASE\spring-boot-starter-data-redis-2.1.7.RELEASE.jar;D:\software\apache-maven-3.6.1\RepMaven\org\springframework\data\spring-data-redis\2.1.10.RELEASE\spring-data-redis-2.1.10.RELEASE.jar;D:\software\apache-maven-3.6.1\RepMaven\org\springframework\data\spring-data-keyvalue\2.1.10.RELEASE\spring-data-keyvalue-2.1.10.RELEASE.jar;D:\software\apache-maven-3.6.1\RepMaven\org\springframework\data\spring-data-commons\2.1.10.RELEASE\spring-data-commons-2.1.10.RELEASE.jar;D:\software\apache-maven-3.6.1\RepMaven\org\springframework\spring-tx\5.1.9.RELEASE\spring-tx-5.1.9.RELEASE.jar;D:\software\apache-maven-3.6.1\RepMaven\org\springframework\spring-oxm\5.1.9.RELEASE\spring-oxm-5.1.9.RELEASE.jar;D:\software\apache-maven-3.6.1\RepMaven\org\springframework\spring-context-support\5.1.9.RELEASE\spring-context-support-5.1.9.RELEASE.jar;D:\software\apache-maven-3.6.1\RepMaven\org\slf4j\slf4j-api\1.7.26\slf4j-api-1.7.26.jar;D:\software\apache-maven-3.6.1\RepMaven\io\lettuce\lettuce-core\5.1.8.RELEASE\lettuce-core-5.1.8.RELEASE.jar;D:\software\apache-maven-3.6.1\RepMaven\io\netty\netty-common\4.1.38.Final\netty-common-4.1.38.Final.jar;D:\software\apache-maven-3.6.1\RepMaven\io\netty\netty-handler\4.1.38.Final\netty-handler-4.1.38.Final.jar;D:\software\apache-maven-3.6.1\RepMaven\io\netty\netty-buffer\4.1.38.Final\netty-buffer-4.1.38.Final.jar;D:\software\apache-maven-3.6.1\RepMaven\io\netty\netty-codec\4.1.38.Final\netty-codec-4.1.38.Final.jar;D:\software\apache-maven-3.6.1\RepMaven\io\netty\netty-transport\4.1.38.Final\netty-transport-4.1.38.Final.jar;D:\software\apache-maven-3.6.1\RepMaven\io\netty\netty-resolver\4.1.38.Final\netty-resolver-4.1.38.Final.jar;D:\software\apache-maven-3.6.1\RepMaven\io\projectreactor\reactor-core\3.2.11.RELEASE\reactor-core-3.2.11.RELEASE.jar;D:\software\apache-maven-3.6.1\RepMaven\org\reactivestreams\reactive-streams\1.0.2\reactive-streams-1.0.2.jar;D:\software\apache-maven-3.6.1\RepMaven\org\springframework\session\spring-session-data-redis\2.1.7.RELEASE\spring-session-data-redis-2.1.7.RELEASE.jar;D:\software\apache-maven-3.6.1\RepMaven\org\springframework\session\spring-session-core\2.1.8.RELEASE\spring-session-core-2.1.8.RELEASE.jar;D:\software\apache-maven-3.6.1\RepMaven\org\springframework\spring-jcl\5.1.9.RELEASE\spring-jcl-5.1.9.RELEASE.jar;D:\software\apache-maven-3.6.1\RepMaven\com\google\guava\guava\18.0\guava-18.0.jar;D:\software\apache-maven-3.6.1\RepMaven\org\apache\rocketmq\rocketmq-client\4.3.0\rocketmq-client-4.3.0.jar;D:\software\apache-maven-3.6.1\RepMaven\org\apache\rocketmq\rocketmq-common\4.3.0\rocketmq-common-4.3.0.jar;D:\software\apache-maven-3.6.1\RepMaven\org\apache\rocketmq\rocketmq-remoting\4.3.0\rocketmq-remoting-4.3.0.jar;D:\software\apache-maven-3.6.1\RepMaven\com\alibaba\fastjson\1.2.29\fastjson-1.2.29.jar;D:\software\apache-maven-3.6.1\RepMaven\io\netty\netty-all\4.1.38.Final\netty-all-4.1.38.Final.jar;D:\software\apache-maven-3.6.1\RepMaven\org\apache\rocketmq\rocketmq-logging\4.3.0\rocketmq-logging-4.3.0.jar;D:\software\apache-maven-3.6.1\RepMaven\io\netty\netty-tcnative-boringssl-static\2.0.25.Final\netty-tcnative-boringssl-static-2.0.25.Final.jar;"/>
    <property name="java.vm.vendor" value="Oracle Corporation"/>
    <property name="sun.arch.data.model" value="64"/>
    <property name="user.variant" value=""/>
    <property name="java.vendor.url" value="http://java.oracle.com/"/>
    <property name="user.timezone" value="Asia/Shanghai"/>
    <property name="java.vm.specification.version" value="1.8"/>
    <property name="os.name" value="Windows 10"/>
    <property name="user.country" value="CN"/>
    <property name="sun.java.launcher" value="SUN_STANDARD"/>
    <property name="sun.boot.library.path" value="D:\software\Java\Java8\jdk1.8.0_111\jre\bin"/>
    <property name="sun.java.command" value="C:\Users\77394\AppData\Local\Temp\surefire771797638209952543\surefirebooter1013253796701624013.jar C:\Users\77394\AppData\Local\Temp\surefire771797638209952543 2019-09-25T00-44-51_321-jvmRun1 surefire5170563385043759855tmp surefire_02563235004786390842tmp"/>
    <property name="surefire.test.class.path" value="E:\workspace\IntellijProject\seckill\target\test-classes;E:\workspace\IntellijProject\seckill\target\classes;D:\software\apache-maven-3.6.1\RepMaven\org\mybatis\spring\boot\mybatis-spring-boot-starter\2.1.0\mybatis-spring-boot-starter-2.1.0.jar;D:\software\apache-maven-3.6.1\RepMaven\org\springframework\boot\spring-boot-starter\2.1.7.RELEASE\spring-boot-starter-2.1.7.RELEASE.jar;D:\software\apache-maven-3.6.1\RepMaven\org\springframework\boot\spring-boot\2.1.7.RELEASE\spring-boot-2.1.7.RELEASE.jar;D:\software\apache-maven-3.6.1\RepMaven\org\springframework\boot\spring-boot-autoconfigure\2.1.7.RELEASE\spring-boot-autoconfigure-2.1.7.RELEASE.jar;D:\software\apache-maven-3.6.1\RepMaven\org\springframework\boot\spring-boot-starter-logging\2.1.7.RELEASE\spring-boot-starter-logging-2.1.7.RELEASE.jar;D:\software\apache-maven-3.6.1\RepMaven\ch\qos\logback\logback-classic\1.2.3\logback-classic-1.2.3.jar;D:\software\apache-maven-3.6.1\RepMaven\ch\qos\logback\logback-core\1.2.3\logback-core-1.2.3.jar;D:\software\apache-maven-3.6.1\RepMaven\org\apache\logging\log4j\log4j-to-slf4j\2.11.2\log4j-to-slf4j-2.11.2.jar;D:\software\apache-maven-3.6.1\RepMaven\org\apache\logging\log4j\log4j-api\2.11.2\log4j-api-2.11.2.jar;D:\software\apache-maven-3.6.1\RepMaven\org\slf4j\jul-to-slf4j\1.7.26\jul-to-slf4j-1.7.26.jar;D:\software\apache-maven-3.6.1\RepMaven\javax\annotation\javax.annotation-api\1.3.2\javax.annotation-api-1.3.2.jar;D:\software\apache-maven-3.6.1\RepMaven\org\springframework\spring-core\5.1.9.RELEASE\spring-core-5.1.9.RELEASE.jar;D:\software\apache-maven-3.6.1\RepMaven\org\yaml\snakeyaml\1.23\snakeyaml-1.23.jar;D:\software\apache-maven-3.6.1\RepMaven\org\springframework\boot\spring-boot-starter-jdbc\2.1.7.RELEASE\spring-boot-starter-jdbc-2.1.7.RELEASE.jar;D:\software\apache-maven-3.6.1\RepMaven\com\zaxxer\HikariCP\3.2.0\HikariCP-3.2.0.jar;D:\software\apache-maven-3.6.1\RepMaven\org\springframework\spring-jdbc\5.1.9.RELEASE\spring-jdbc-5.1.9.RELEASE.jar;D:\software\apache-maven-3.6.1\RepMaven\org\mybatis\spring\boot\mybatis-spring-boot-autoconfigure\2.1.0\mybatis-spring-boot-autoconfigure-2.1.0.jar;D:\software\apache-maven-3.6.1\RepMaven\org\mybatis\mybatis\3.5.2\mybatis-3.5.2.jar;D:\software\apache-maven-3.6.1\RepMaven\org\mybatis\mybatis-spring\2.0.2\mybatis-spring-2.0.2.jar;D:\software\apache-maven-3.6.1\RepMaven\com\alibaba\druid\1.1.3\druid-1.1.3.jar;D:\software\Java\Java8\jdk1.8.0_111\jre\..\lib\jconsole.jar;D:\software\Java\Java8\jdk1.8.0_111\jre\..\lib\tools.jar;D:\software\apache-maven-3.6.1\RepMaven\mysql\mysql-connector-java\8.0.16\mysql-connector-java-8.0.16.jar;D:\software\apache-maven-3.6.1\RepMaven\org\springframework\boot\spring-boot-starter-web\2.1.7.RELEASE\spring-boot-starter-web-2.1.7.RELEASE.jar;D:\software\apache-maven-3.6.1\RepMaven\org\springframework\boot\spring-boot-starter-json\2.1.7.RELEASE\spring-boot-starter-json-2.1.7.RELEASE.jar;D:\software\apache-maven-3.6.1\RepMaven\com\fasterxml\jackson\core\jackson-databind\2.9.9\jackson-databind-2.9.9.jar;D:\software\apache-maven-3.6.1\RepMaven\com\fasterxml\jackson\core\jackson-annotations\2.9.0\jackson-annotations-2.9.0.jar;D:\software\apache-maven-3.6.1\RepMaven\com\fasterxml\jackson\core\jackson-core\2.9.9\jackson-core-2.9.9.jar;D:\software\apache-maven-3.6.1\RepMaven\com\fasterxml\jackson\datatype\jackson-datatype-jdk8\2.9.9\jackson-datatype-jdk8-2.9.9.jar;D:\software\apache-maven-3.6.1\RepMaven\com\fasterxml\jackson\datatype\jackson-datatype-jsr310\2.9.9\jackson-datatype-jsr310-2.9.9.jar;D:\software\apache-maven-3.6.1\RepMaven\com\fasterxml\jackson\module\jackson-module-parameter-names\2.9.9\jackson-module-parameter-names-2.9.9.jar;D:\software\apache-maven-3.6.1\RepMaven\org\springframework\boot\spring-boot-starter-tomcat\2.1.7.RELEASE\spring-boot-starter-tomcat-2.1.7.RELEASE.jar;D:\software\apache-maven-3.6.1\RepMaven\org\apache\tomcat\embed\tomcat-embed-core\9.0.22\tomcat-embed-core-9.0.22.jar;D:\software\apache-maven-3.6.1\RepMaven\org\apache\tomcat\embed\tomcat-embed-el\9.0.22\tomcat-embed-el-9.0.22.jar;D:\software\apache-maven-3.6.1\RepMaven\org\apache\tomcat\embed\tomcat-embed-websocket\9.0.22\tomcat-embed-websocket-9.0.22.jar;D:\software\apache-maven-3.6.1\RepMaven\org\springframework\spring-web\5.1.9.RELEASE\spring-web-5.1.9.RELEASE.jar;D:\software\apache-maven-3.6.1\RepMaven\org\springframework\spring-beans\5.1.9.RELEASE\spring-beans-5.1.9.RELEASE.jar;D:\software\apache-maven-3.6.1\RepMaven\org\springframework\spring-webmvc\5.1.9.RELEASE\spring-webmvc-5.1.9.RELEASE.jar;D:\software\apache-maven-3.6.1\RepMaven\org\springframework\spring-aop\5.1.9.RELEASE\spring-aop-5.1.9.RELEASE.jar;D:\software\apache-maven-3.6.1\RepMaven\org\springframework\spring-context\5.1.9.RELEASE\spring-context-5.1.9.RELEASE.jar;D:\software\apache-maven-3.6.1\RepMaven\org\springframework\spring-expression\5.1.9.RELEASE\spring-expression-5.1.9.RELEASE.jar;D:\software\apache-maven-3.6.1\RepMaven\junit\junit\4.11\junit-4.11.jar;D:\software\apache-maven-3.6.1\RepMaven\org\hamcrest\hamcrest-core\1.3\hamcrest-core-1.3.jar;D:\software\apache-maven-3.6.1\RepMaven\org\apache\commons\commons-lang3\3.7\commons-lang3-3.7.jar;D:\software\apache-maven-3.6.1\RepMaven\org\hibernate\validator\hibernate-validator\6.0.13.Final\hibernate-validator-6.0.13.Final.jar;D:\software\apache-maven-3.6.1\RepMaven\javax\validation\validation-api\2.0.1.Final\validation-api-2.0.1.Final.jar;D:\software\apache-maven-3.6.1\RepMaven\org\jboss\logging\jboss-logging\3.3.2.Final\jboss-logging-3.3.2.Final.jar;D:\software\apache-maven-3.6.1\RepMaven\com\fasterxml\classmate\1.4.0\classmate-1.4.0.jar;D:\software\apache-maven-3.6.1\RepMaven\joda-time\joda-time\2.9.1\joda-time-2.9.1.jar;D:\software\apache-maven-3.6.1\RepMaven\org\springframework\boot\spring-boot-starter-data-redis\2.1.7.RELEASE\spring-boot-starter-data-redis-2.1.7.RELEASE.jar;D:\software\apache-maven-3.6.1\RepMaven\org\springframework\data\spring-data-redis\2.1.10.RELEASE\spring-data-redis-2.1.10.RELEASE.jar;D:\software\apache-maven-3.6.1\RepMaven\org\springframework\data\spring-data-keyvalue\2.1.10.RELEASE\spring-data-keyvalue-2.1.10.RELEASE.jar;D:\software\apache-maven-3.6.1\RepMaven\org\springframework\data\spring-data-commons\2.1.10.RELEASE\spring-data-commons-2.1.10.RELEASE.jar;D:\software\apache-maven-3.6.1\RepMaven\org\springframework\spring-tx\5.1.9.RELEASE\spring-tx-5.1.9.RELEASE.jar;D:\software\apache-maven-3.6.1\RepMaven\org\springframework\spring-oxm\5.1.9.RELEASE\spring-oxm-5.1.9.RELEASE.jar;D:\software\apache-maven-3.6.1\RepMaven\org\springframework\spring-context-support\5.1.9.RELEASE\spring-context-support-5.1.9.RELEASE.jar;D:\software\apache-maven-3.6.1\RepMaven\org\slf4j\slf4j-api\1.7.26\slf4j-api-1.7.26.jar;D:\software\apache-maven-3.6.1\RepMaven\io\lettuce\lettuce-core\5.1.8.RELEASE\lettuce-core-5.1.8.RELEASE.jar;D:\software\apache-maven-3.6.1\RepMaven\io\netty\netty-common\4.1.38.Final\netty-common-4.1.38.Final.jar;D:\software\apache-maven-3.6.1\RepMaven\io\netty\netty-handler\4.1.38.Final\netty-handler-4.1.38.Final.jar;D:\software\apache-maven-3.6.1\RepMaven\io\netty\netty-buffer\4.1.38.Final\netty-buffer-4.1.38.Final.jar;D:\software\apache-maven-3.6.1\RepMaven\io\netty\netty-codec\4.1.38.Final\netty-codec-4.1.38.Final.jar;D:\software\apache-maven-3.6.1\RepMaven\io\netty\netty-transport\4.1.38.Final\netty-transport-4.1.38.Final.jar;D:\software\apache-maven-3.6.1\RepMaven\io\netty\netty-resolver\4.1.38.Final\netty-resolver-4.1.38.Final.jar;D:\software\apache-maven-3.6.1\RepMaven\io\projectreactor\reactor-core\3.2.11.RELEASE\reactor-core-3.2.11.RELEASE.jar;D:\software\apache-maven-3.6.1\RepMaven\org\reactivestreams\reactive-streams\1.0.2\reactive-streams-1.0.2.jar;D:\software\apache-maven-3.6.1\RepMaven\org\springframework\session\spring-session-data-redis\2.1.7.RELEASE\spring-session-data-redis-2.1.7.RELEASE.jar;D:\software\apache-maven-3.6.1\RepMaven\org\springframework\session\spring-session-core\2.1.8.RELEASE\spring-session-core-2.1.8.RELEASE.jar;D:\software\apache-maven-3.6.1\RepMaven\org\springframework\spring-jcl\5.1.9.RELEASE\spring-jcl-5.1.9.RELEASE.jar;D:\software\apache-maven-3.6.1\RepMaven\com\google\guava\guava\18.0\guava-18.0.jar;D:\software\apache-maven-3.6.1\RepMaven\org\apache\rocketmq\rocketmq-client\4.3.0\rocketmq-client-4.3.0.jar;D:\software\apache-maven-3.6.1\RepMaven\org\apache\rocketmq\rocketmq-common\4.3.0\rocketmq-common-4.3.0.jar;D:\software\apache-maven-3.6.1\RepMaven\org\apache\rocketmq\rocketmq-remoting\4.3.0\rocketmq-remoting-4.3.0.jar;D:\software\apache-maven-3.6.1\RepMaven\com\alibaba\fastjson\1.2.29\fastjson-1.2.29.jar;D:\software\apache-maven-3.6.1\RepMaven\io\netty\netty-all\4.1.38.Final\netty-all-4.1.38.Final.jar;D:\software\apache-maven-3.6.1\RepMaven\org\apache\rocketmq\rocketmq-logging\4.3.0\rocketmq-logging-4.3.0.jar;D:\software\apache-maven-3.6.1\RepMaven\io\netty\netty-tcnative-boringssl-static\2.0.25.Final\netty-tcnative-boringssl-static-2.0.25.Final.jar;"/>
    <property name="sun.cpu.endian" value="little"/>
    <property name="user.home" value="C:\Users\77394"/>
    <property name="user.language" value="zh"/>
    <property name="java.specification.vendor" value="Oracle Corporation"/>
    <property name="java.home" value="D:\software\Java\Java8\jdk1.8.0_111\jre"/>
    <property name="basedir" value="E:\workspace\IntellijProject\seckill"/>
    <property name="file.separator" value="\"/>
    <property name="line.separator" value="&#10;"/>
    <property name="java.vm.specification.vendor" value="Oracle Corporation"/>
    <property name="java.specification.name" value="Java Platform API Specification"/>
    <property name="java.awt.graphicsenv" value="sun.awt.Win32GraphicsEnvironment"/>
    <property name="surefire.real.class.path" value="C:\Users\77394\AppData\Local\Temp\surefire771797638209952543\surefirebooter1013253796701624013.jar"/>
    <property name="sun.boot.class.path" value="D:\software\Java\Java8\jdk1.8.0_111\jre\lib\resources.jar;D:\software\Java\Java8\jdk1.8.0_111\jre\lib\rt.jar;D:\software\Java\Java8\jdk1.8.0_111\jre\lib\sunrsasign.jar;D:\software\Java\Java8\jdk1.8.0_111\jre\lib\jsse.jar;D:\software\Java\Java8\jdk1.8.0_111\jre\lib\jce.jar;D:\software\Java\Java8\jdk1.8.0_111\jre\lib\charsets.jar;D:\software\Java\Java8\jdk1.8.0_111\jre\lib\jfr.jar;D:\software\Java\Java8\jdk1.8.0_111\jre\classes"/>
    <property name="user.script" value=""/>
    <property name="sun.management.compiler" value="HotSpot 64-Bit Tiered Compilers"/>
    <property name="java.runtime.version" value="1.8.0_111-b14"/>
    <property name="user.name" value="77394"/>
    <property name="path.separator" value=";"/>
    <property name="os.version" value="10.0"/>
    <property name="java.endorsed.dirs" value="D:\software\Java\Java8\jdk1.8.0_111\jre\lib\endorsed"/>
    <property name="java.runtime.name" value="Java(TM) SE Runtime Environment"/>
    <property name="file.encoding" value="GBK"/>
    <property name="java.vm.name" value="Java HotSpot(TM) 64-Bit Server VM"/>
    <property name="localRepository" value="D:\software\apache-maven-3.6.1\RepMaven"/>
    <property name="java.vendor.url.bug" value="http://bugreport.sun.com/bugreport/"/>
    <property name="java.io.tmpdir" value="C:\Users\77394\AppData\Local\Temp\"/>
    <property name="java.version" value="1.8.0_111"/>
    <property name="user.dir" value="E:\workspace\IntellijProject\seckill"/>
    <property name="os.arch" value="amd64"/>
    <property name="java.vm.specification.name" value="Java Virtual Machine Specification"/>
    <property name="java.awt.printerjob" value="sun.awt.windows.WPrinterJob"/>
    <property name="idea.version2019.1.3" value="true"/>
    <property name="sun.os.patch.level" value=""/>
    <property name="java.library.path" value="D:\software\Java\Java8\jdk1.8.0_111\jre\bin;C:\Windows\Sun\Java\bin;C:\Windows\system32;C:\Windows;D:\software\NetSarang\Xftp 6\;D:\software\NetSarang\Xshell 6\;D:\software\apache-maven-3.6.1\bin;D:\software\Java\Java8\jdk1.8.0_111\bin;D:\software\Java\Java8\jdk1.8.0_111\jre\bin;C:\ProgramData\Oracle\Java\javapath;C:\Windows\system32;C:\Windows;C:\Windows\System32\Wbem;C:\Windows\System32\WindowsPowerShell\v1.0\;C:\Windows\System32\OpenSSH\;D:\software\mysql-8.0.16\mysql-8.0.16-winx64\bin;D:\software\Git\cmd;D:\software\nodejs\;C:\Users\77394\AppData\Local\Microsoft\WindowsApps;C:\Users\77394\AppData\Roaming\npm;."/>
    <property name="java.vm.info" value="mixed mode"/>
    <property name="java.vendor" value="Oracle Corporation"/>
    <property name="java.vm.version" value="25.111-b14"/>
    <property name="java.ext.dirs" value="D:\software\Java\Java8\jdk1.8.0_111\jre\lib\ext;C:\Windows\Sun\Java\lib\ext"/>
    <property name="sun.io.unicode.encoding" value="UnicodeLittle"/>
    <property name="java.class.version" value="52.0"/>
  </properties>
  <testcase name="shouldAnswerWithTrue" classname="com.goya.AppTest" time="0"/>
</testsuite>